CRITICAL - 2022-06-30 07:45:49 --> Invalid file: forum_view.php
#0 D:\XAMPP\htdocs\412019007_Ferdinan_Kurnianto\ci-framework-4.1.1\system\View\View.php(198): CodeIgniter\Exceptions\FrameworkException::forInvalidFile('forum_view.php')
#1 D:\XAMPP\htdocs\412019007_Ferdinan_Kurnianto\ci-framework-4.1.1\system\Common.php(1089): CodeIgniter\View\View->render('forum_view', Array, true)
#2 D:\XAMPP\htdocs\412019007_Ferdinan_Kurnianto\ci-framework-4.1.1\app\Controllers\index.php(8): view('forum_view')
#3 D:\XAMPP\htdocs\412019007_Ferdinan_Kurnianto\ci-framework-4.1.1\system\CodeIgniter.php(832): App\Controllers\Index->index()
#4 D:\XAMPP\htdocs\412019007_Ferdinan_Kurnianto\ci-framework-4.1.1\system\CodeIgniter.php(419): CodeIgniter\CodeIgniter->runController(Object(App\Controllers\Index))
#5 D:\XAMPP\htdocs\412019007_Ferdinan_Kurnianto\ci-framework-4.1.1\system\CodeIgniter.php(326): CodeIgniter\CodeIgniter->handleRequest(NULL, Object(Config\Cache), false)
#6 D:\XAMPP\htdocs\412019007_Ferdinan_Kurnianto\ci-framework-4.1.1\public\index.php(37): CodeIgniter\CodeIgniter->run()
#7 {main}
CRITICAL - 2022-06-30 07:55:46 --> syntax error, unexpected '1' (T_LNUMBER)
#0 D:\XAMPP\htdocs\412019007_Ferdinan_Kurnianto\ci-framework-4.1.1\system\Router\Router.php(175): CodeIgniter\Router\Router->autoRoute('index')
#1 D:\XAMPP\htdocs\412019007_Ferdinan_Kurnianto\ci-framework-4.1.1\system\CodeIgniter.php(726): CodeIgniter\Router\Router->handle('index')
#2 D:\XAMPP\htdocs\412019007_Ferdinan_Kurnianto\ci-framework-4.1.1\system\CodeIgniter.php(368): CodeIgniter\CodeIgniter->tryToRouteIt(Object(CodeIgniter\Router\RouteCollection))
#3 D:\XAMPP\htdocs\412019007_Ferdinan_Kurnianto\ci-framework-4.1.1\system\CodeIgniter.php(326): CodeIgniter\CodeIgniter->handleRequest(NULL, Object(Config\Cache), false)
#4 D:\XAMPP\htdocs\412019007_Ferdinan_Kurnianto\ci-framework-4.1.1\public\index.php(37): CodeIgniter\CodeIgniter->run()
#5 {main}
CRITICAL - 2022-06-30 07:55:55 --> syntax error, unexpected ''1'' (T_CONSTANT_ENCAPSED_STRING)
#0 D:\XAMPP\htdocs\412019007_Ferdinan_Kurnianto\ci-framework-4.1.1\system\Router\Router.php(175): CodeIgniter\Router\Router->autoRoute('index')
#1 D:\XAMPP\htdocs\412019007_Ferdinan_Kurnianto\ci-framework-4.1.1\system\CodeIgniter.php(726): CodeIgniter\Router\Router->handle('index')
#2 D:\XAMPP\htdocs\412019007_Ferdinan_Kurnianto\ci-framework-4.1.1\system\CodeIgniter.php(368): CodeIgniter\CodeIgniter->tryToRouteIt(Object(CodeIgniter\Router\RouteCollection))
#3 D:\XAMPP\htdocs\412019007_Ferdinan_Kurnianto\ci-framework-4.1.1\system\CodeIgniter.php(326): CodeIgniter\CodeIgniter->handleRequest(NULL, Object(Config\Cache), false)
#4 D:\XAMPP\htdocs\412019007_Ferdinan_Kurnianto\ci-framework-4.1.1\public\index.php(37): CodeIgniter\CodeIgniter->run()
#5 {main}
CRITICAL - 2022-06-30 07:55:56 --> syntax error, unexpected ''1'' (T_CONSTANT_ENCAPSED_STRING)
#0 D:\XAMPP\htdocs\412019007_Ferdinan_Kurnianto\ci-framework-4.1.1\system\Router\Router.php(175): CodeIgniter\Router\Router->autoRoute('index')
#1 D:\XAMPP\htdocs\412019007_Ferdinan_Kurnianto\ci-framework-4.1.1\system\CodeIgniter.php(726): CodeIgniter\Router\Router->handle('index')
#2 D:\XAMPP\htdocs\412019007_Ferdinan_Kurnianto\ci-framework-4.1.1\system\CodeIgniter.php(368): CodeIgniter\CodeIgniter->tryToRouteIt(Object(CodeIgniter\Router\RouteCollection))
#3 D:\XAMPP\htdocs\412019007_Ferdinan_Kurnianto\ci-framework-4.1.1\system\CodeIgniter.php(326): CodeIgniter\CodeIgniter->handleRequest(NULL, Object(Config\Cache), false)
#4 D:\XAMPP\htdocs\412019007_Ferdinan_Kurnianto\ci-framework-4.1.1\public\index.php(37): CodeIgniter\CodeIgniter->run()
#5 {main}
CRITICAL - 2022-06-30 09:26:37 --> Class 'App\Controllers\RepliesModel' not found
#0 D:\XAMPP\htdocs\412019007_Ferdinan_Kurnianto\ci-framework-4.1.1\system\CodeIgniter.php(832): App\Controllers\Index->getReplies('1')
#1 D:\XAMPP\htdocs\412019007_Ferdinan_Kurnianto\ci-framework-4.1.1\system\CodeIgniter.php(419): CodeIgniter\CodeIgniter->runController(Object(App\Controllers\Index))
#2 D:\XAMPP\htdocs\412019007_Ferdinan_Kurnianto\ci-framework-4.1.1\system\CodeIgniter.php(326): CodeIgniter\CodeIgniter->handleRequest(NULL, Object(Config\Cache), false)
#3 D:\XAMPP\htdocs\412019007_Ferdinan_Kurnianto\ci-framework-4.1.1\public\index.php(37): CodeIgniter\CodeIgniter->run()
#4 {main}
CRITICAL - 2022-06-30 09:36:53 --> syntax error, unexpected ';', expecting ')'
#0 D:\XAMPP\htdocs\412019007_Ferdinan_Kurnianto\ci-framework-4.1.1\system\Router\Router.php(175): CodeIgniter\Router\Router->autoRoute('index/getThread...')
#1 D:\XAMPP\htdocs\412019007_Ferdinan_Kurnianto\ci-framework-4.1.1\system\CodeIgniter.php(726): CodeIgniter\Router\Router->handle('index/getThread...')
#2 D:\XAMPP\htdocs\412019007_Ferdinan_Kurnianto\ci-framework-4.1.1\system\CodeIgniter.php(368): CodeIgniter\CodeIgniter->tryToRouteIt(Object(CodeIgniter\Router\RouteCollection))
#3 D:\XAMPP\htdocs\412019007_Ferdinan_Kurnianto\ci-framework-4.1.1\system\CodeIgniter.php(326): CodeIgniter\CodeIgniter->handleRequest(NULL, Object(Config\Cache), false)
#4 D:\XAMPP\htdocs\412019007_Ferdinan_Kurnianto\ci-framework-4.1.1\public\index.php(37): CodeIgniter\CodeIgniter->run()
#5 {main}
ERROR - 2022-06-30 09:37:28 --> You have an error in your SQL syntax; check the manual that corresponds to your MariaDB server version for the right syntax to use near 'as `t`.`id` = ''' at line 5
CRITICAL - 2022-06-30 09:37:28 --> You have an error in your SQL syntax; check the manual that corresponds to your MariaDB server version for the right syntax to use near 'as `t`.`id` = ''' at line 5
#0 D:\XAMPP\htdocs\412019007_Ferdinan_Kurnianto\ci-framework-4.1.1\system\Database\MySQLi\Connection.php(292): mysqli->query('SELECT `t`.*\nFR...', 0)
#1 D:\XAMPP\htdocs\412019007_Ferdinan_Kurnianto\ci-framework-4.1.1\system\Database\BaseConnection.php(670): CodeIgniter\Database\MySQLi\Connection->execute('SELECT `t`.*\nFR...')
#2 D:\XAMPP\htdocs\412019007_Ferdinan_Kurnianto\ci-framework-4.1.1\system\Database\BaseConnection.php(598): CodeIgniter\Database\BaseConnection->simpleQuery('SELECT `t`.*\nFR...')
#3 D:\XAMPP\htdocs\412019007_Ferdinan_Kurnianto\ci-framework-4.1.1\system\Database\BaseBuilder.php(1455): CodeIgniter\Database\BaseConnection->query('SELECT `t`.*\nFR...', Array, false)
#4 D:\XAMPP\htdocs\412019007_Ferdinan_Kurnianto\ci-framework-4.1.1\system\Model.php(142): CodeIgniter\Database\BaseBuilder->get()
#5 D:\XAMPP\htdocs\412019007_Ferdinan_Kurnianto\ci-framework-4.1.1\system\BaseModel.php(523): CodeIgniter\Model->doFind(true, '')
#6 D:\XAMPP\htdocs\412019007_Ferdinan_Kurnianto\ci-framework-4.1.1\app\Controllers\index.php(27): CodeIgniter\BaseModel->find('')
#7 D:\XAMPP\htdocs\412019007_Ferdinan_Kurnianto\ci-framework-4.1.1\system\CodeIgniter.php(832): App\Controllers\Index->getThreads()
#8 D:\XAMPP\htdocs\412019007_Ferdinan_Kurnianto\ci-framework-4.1.1\system\CodeIgniter.php(419): CodeIgniter\CodeIgniter->runController(Object(App\Controllers\Index))
#9 D:\XAMPP\htdocs\412019007_Ferdinan_Kurnianto\ci-framework-4.1.1\system\CodeIgniter.php(326): CodeIgniter\CodeIgniter->handleRequest(NULL, Object(Config\Cache), false)
#10 D:\XAMPP\htdocs\412019007_Ferdinan_Kurnianto\ci-framework-4.1.1\public\index.php(37): CodeIgniter\CodeIgniter->run()
#11 {main}
ERROR - 2022-06-30 09:37:35 --> You have an error in your SQL syntax; check the manual that corresponds to your MariaDB server version for the right syntax to use near 'as `t`.`id` = '1'' at line 5
CRITICAL - 2022-06-30 09:37:35 --> You have an error in your SQL syntax; check the manual that corresponds to your MariaDB server version for the right syntax to use near 'as `t`.`id` = '1'' at line 5
#0 D:\XAMPP\htdocs\412019007_Ferdinan_Kurnianto\ci-framework-4.1.1\system\Database\MySQLi\Connection.php(292): mysqli->query('SELECT `t`.*\nFR...', 0)
#1 D:\XAMPP\htdocs\412019007_Ferdinan_Kurnianto\ci-framework-4.1.1\system\Database\BaseConnection.php(670): CodeIgniter\Database\MySQLi\Connection->execute('SELECT `t`.*\nFR...')
#2 D:\XAMPP\htdocs\412019007_Ferdinan_Kurnianto\ci-framework-4.1.1\system\Database\BaseConnection.php(598): CodeIgniter\Database\BaseConnection->simpleQuery('SELECT `t`.*\nFR...')
#3 D:\XAMPP\htdocs\412019007_Ferdinan_Kurnianto\ci-framework-4.1.1\system\Database\BaseBuilder.php(1455): CodeIgniter\Database\BaseConnection->query('SELECT `t`.*\nFR...', Array, false)
#4 D:\XAMPP\htdocs\412019007_Ferdinan_Kurnianto\ci-framework-4.1.1\system\Model.php(142): CodeIgniter\Database\BaseBuilder->get()
#5 D:\XAMPP\htdocs\412019007_Ferdinan_Kurnianto\ci-framework-4.1.1\system\BaseModel.php(523): CodeIgniter\Model->doFind(true, '1')
#6 D:\XAMPP\htdocs\412019007_Ferdinan_Kurnianto\ci-framework-4.1.1\app\Controllers\index.php(27): CodeIgniter\BaseModel->find('1')
#7 D:\XAMPP\htdocs\412019007_Ferdinan_Kurnianto\ci-framework-4.1.1\system\CodeIgniter.php(832): App\Controllers\Index->getThreads('1')
#8 D:\XAMPP\htdocs\412019007_Ferdinan_Kurnianto\ci-framework-4.1.1\system\CodeIgniter.php(419): CodeIgniter\CodeIgniter->runController(Object(App\Controllers\Index))
#9 D:\XAMPP\htdocs\412019007_Ferdinan_Kurnianto\ci-framework-4.1.1\system\CodeIgniter.php(326): CodeIgniter\CodeIgniter->handleRequest(NULL, Object(Config\Cache), false)
#10 D:\XAMPP\htdocs\412019007_Ferdinan_Kurnianto\ci-framework-4.1.1\public\index.php(37): CodeIgniter\CodeIgniter->run()
#11 {main}
ERROR - 2022-06-30 09:41:45 --> Unknown table '20212_wp3_412019007.f'
CRITICAL - 2022-06-30 09:41:45 --> Unknown table '20212_wp3_412019007.f'
#0 D:\XAMPP\htdocs\412019007_Ferdinan_Kurnianto\ci-framework-4.1.1\system\Database\MySQLi\Connection.php(292): mysqli->query('SELECT `r`.*, `...', 0)
#1 D:\XAMPP\htdocs\412019007_Ferdinan_Kurnianto\ci-framework-4.1.1\system\Database\BaseConnection.php(670): CodeIgniter\Database\MySQLi\Connection->execute('SELECT `r`.*, `...')
#2 D:\XAMPP\htdocs\412019007_Ferdinan_Kurnianto\ci-framework-4.1.1\system\Database\BaseConnection.php(598): CodeIgniter\Database\BaseConnection->simpleQuery('SELECT `r`.*, `...')
#3 D:\XAMPP\htdocs\412019007_Ferdinan_Kurnianto\ci-framework-4.1.1\system\Database\BaseBuilder.php(1455): CodeIgniter\Database\BaseConnection->query('SELECT `r`.*, `...', Array, false)
#4 D:\XAMPP\htdocs\412019007_Ferdinan_Kurnianto\ci-framework-4.1.1\system\Model.php(183): CodeIgniter\Database\BaseBuilder->get()
#5 D:\XAMPP\htdocs\412019007_Ferdinan_Kurnianto\ci-framework-4.1.1\system\BaseModel.php(584): CodeIgniter\Model->doFindAll(0, 0)
#6 D:\XAMPP\htdocs\412019007_Ferdinan_Kurnianto\ci-framework-4.1.1\app\Controllers\index.php(39): CodeIgniter\BaseModel->findAll()
#7 D:\XAMPP\htdocs\412019007_Ferdinan_Kurnianto\ci-framework-4.1.1\system\CodeIgniter.php(832): App\Controllers\Index->getReplies()
#8 D:\XAMPP\htdocs\412019007_Ferdinan_Kurnianto\ci-framework-4.1.1\system\CodeIgniter.php(419): CodeIgniter\CodeIgniter->runController(Object(App\Controllers\Index))
#9 D:\XAMPP\htdocs\412019007_Ferdinan_Kurnianto\ci-framework-4.1.1\system\CodeIgniter.php(326): CodeIgniter\CodeIgniter->handleRequest(NULL, Object(Config\Cache), false)
#10 D:\XAMPP\htdocs\412019007_Ferdinan_Kurnianto\ci-framework-4.1.1\public\index.php(37): CodeIgniter\CodeIgniter->run()
#11 {main}
CRITICAL - 2022-06-30 09:43:41 --> Undefined index: thread
#0 D:\XAMPP\htdocs\412019007_Ferdinan_Kurnianto\ci-framework-4.1.1\app\Controllers\index.php(39): CodeIgniter\Debug\Exceptions->errorHandler(8, 'Undefined index...', 'D:\\XAMPP\\htdocs...', 39, Array)
#1 D:\XAMPP\htdocs\412019007_Ferdinan_Kurnianto\ci-framework-4.1.1\system\CodeIgniter.php(832): App\Controllers\Index->getThread('1')
#2 D:\XAMPP\htdocs\412019007_Ferdinan_Kurnianto\ci-framework-4.1.1\system\CodeIgniter.php(419): CodeIgniter\CodeIgniter->runController(Object(App\Controllers\Index))
#3 D:\XAMPP\htdocs\412019007_Ferdinan_Kurnianto\ci-framework-4.1.1\system\CodeIgniter.php(326): CodeIgniter\CodeIgniter->handleRequest(NULL, Object(Config\Cache), false)
#4 D:\XAMPP\htdocs\412019007_Ferdinan_Kurnianto\ci-framework-4.1.1\public\index.php(37): CodeIgniter\CodeIgniter->run()
#5 {main}
ERROR - 2022-06-30 09:47:01 --> Column 'id' in where clause is ambiguous
CRITICAL - 2022-06-30 09:47:01 --> Column 'id' in where clause is ambiguous
#0 D:\XAMPP\htdocs\412019007_Ferdinan_Kurnianto\ci-framework-4.1.1\system\Database\MySQLi\Connection.php(292): mysqli->query('SELECT `t`.*, `...', 0)
#1 D:\XAMPP\htdocs\412019007_Ferdinan_Kurnianto\ci-framework-4.1.1\system\Database\BaseConnection.php(670): CodeIgniter\Database\MySQLi\Connection->execute('SELECT `t`.*, `...')
#2 D:\XAMPP\htdocs\412019007_Ferdinan_Kurnianto\ci-framework-4.1.1\system\Database\BaseConnection.php(598): CodeIgniter\Database\BaseConnection->simpleQuery('SELECT `t`.*, `...')
#3 D:\XAMPP\htdocs\412019007_Ferdinan_Kurnianto\ci-framework-4.1.1\system\Database\BaseBuilder.php(1455): CodeIgniter\Database\BaseConnection->query('SELECT `t`.*, `...', Array, false)
#4 D:\XAMPP\htdocs\412019007_Ferdinan_Kurnianto\ci-framework-4.1.1\system\Model.php(183): CodeIgniter\Database\BaseBuilder->get()
#5 D:\XAMPP\htdocs\412019007_Ferdinan_Kurnianto\ci-framework-4.1.1\system\BaseModel.php(584): CodeIgniter\Model->doFindAll(0, 0)
#6 D:\XAMPP\htdocs\412019007_Ferdinan_Kurnianto\ci-framework-4.1.1\app\Controllers\index.php(39): CodeIgniter\BaseModel->findAll()
#7 D:\XAMPP\htdocs\412019007_Ferdinan_Kurnianto\ci-framework-4.1.1\system\CodeIgniter.php(832): App\Controllers\Index->getThread('1')
#8 D:\XAMPP\htdocs\412019007_Ferdinan_Kurnianto\ci-framework-4.1.1\system\CodeIgniter.php(419): CodeIgniter\CodeIgniter->runController(Object(App\Controllers\Index))
#9 D:\XAMPP\htdocs\412019007_Ferdinan_Kurnianto\ci-framework-4.1.1\system\CodeIgniter.php(326): CodeIgniter\CodeIgniter->handleRequest(NULL, Object(Config\Cache), false)
#10 D:\XAMPP\htdocs\412019007_Ferdinan_Kurnianto\ci-framework-4.1.1\public\index.php(37): CodeIgniter\CodeIgniter->run()
#11 {main}
ERROR - 2022-06-30 23:15:35 --> Table '20212_wp3_412019007.decks' doesn't exist
CRITICAL - 2022-06-30 23:15:35 --> Table '20212_wp3_412019007.decks' doesn't exist
#0 D:\XAMPP\htdocs\412019007_Ferdinan_Kurnianto\ci-framework-4.1.1\system\Database\MySQLi\Connection.php(292): mysqli->query('SELECT *\nFROM `...', 0)
#1 D:\XAMPP\htdocs\412019007_Ferdinan_Kurnianto\ci-framework-4.1.1\system\Database\BaseConnection.php(670): CodeIgniter\Database\MySQLi\Connection->execute('SELECT *\nFROM `...')
#2 D:\XAMPP\htdocs\412019007_Ferdinan_Kurnianto\ci-framework-4.1.1\system\Database\BaseConnection.php(598): CodeIgniter\Database\BaseConnection->simpleQuery('SELECT *\nFROM `...')
#3 D:\XAMPP\htdocs\412019007_Ferdinan_Kurnianto\ci-framework-4.1.1\system\Database\BaseBuilder.php(1455): CodeIgniter\Database\BaseConnection->query('SELECT *\nFROM `...', Array, false)
#4 D:\XAMPP\htdocs\412019007_Ferdinan_Kurnianto\ci-framework-4.1.1\system\Model.php(183): CodeIgniter\Database\BaseBuilder->get()
#5 D:\XAMPP\htdocs\412019007_Ferdinan_Kurnianto\ci-framework-4.1.1\system\BaseModel.php(584): CodeIgniter\Model->doFindAll(0, 0)
#6 D:\XAMPP\htdocs\412019007_Ferdinan_Kurnianto\ci-framework-4.1.1\app\Controllers\decks.php(8): CodeIgniter\BaseModel->findAll()
#7 D:\XAMPP\htdocs\412019007_Ferdinan_Kurnianto\ci-framework-4.1.1\system\CodeIgniter.php(832): App\Controllers\Decks->index()
#8 D:\XAMPP\htdocs\412019007_Ferdinan_Kurnianto\ci-framework-4.1.1\system\CodeIgniter.php(419): CodeIgniter\CodeIgniter->runController(Object(App\Controllers\Decks))
#9 D:\XAMPP\htdocs\412019007_Ferdinan_Kurnianto\ci-framework-4.1.1\system\CodeIgniter.php(326): CodeIgniter\CodeIgniter->handleRequest(NULL, Object(Config\Cache), false)
#10 D:\XAMPP\htdocs\412019007_Ferdinan_Kurnianto\ci-framework-4.1.1\index\index.php(37): CodeIgniter\CodeIgniter->run()
#11 {main}
