ERROR - 2023-12-14 18:42:18 --> Unknown column 'forums.id' in 'where clause'
CRITICAL - 2023-12-14 18:42:18 --> Unknown column 'forums.id' in 'where clause'
#0 D:\XAMPP\htdocs\412019007_Ferdinan_Kurnianto\ci-framework-4.1.1\system\Database\MySQLi\Connection.php(292): mysqli->query('SELECT `u`.`use...', 0)
#1 D:\XAMPP\htdocs\412019007_Ferdinan_Kurnianto\ci-framework-4.1.1\system\Database\BaseConnection.php(670): CodeIgniter\Database\MySQLi\Connection->execute('SELECT `u`.`use...')
#2 D:\XAMPP\htdocs\412019007_Ferdinan_Kurnianto\ci-framework-4.1.1\system\Database\BaseConnection.php(598): CodeIgniter\Database\BaseConnection->simpleQuery('SELECT `u`.`use...')
#3 D:\XAMPP\htdocs\412019007_Ferdinan_Kurnianto\ci-framework-4.1.1\system\Database\BaseBuilder.php(1455): CodeIgniter\Database\BaseConnection->query('SELECT `u`.`use...', Array, false)
#4 D:\XAMPP\htdocs\412019007_Ferdinan_Kurnianto\ci-framework-4.1.1\system\Model.php(183): CodeIgniter\Database\BaseBuilder->get()
#5 D:\XAMPP\htdocs\412019007_Ferdinan_Kurnianto\ci-framework-4.1.1\system\BaseModel.php(584): CodeIgniter\Model->doFindAll(0, 0)
#6 D:\XAMPP\htdocs\412019007_Ferdinan_Kurnianto\ci-framework-4.1.1\app\Models\ThreadsModel.php(23): CodeIgniter\BaseModel->findAll()
#7 D:\XAMPP\htdocs\412019007_Ferdinan_Kurnianto\ci-framework-4.1.1\app\Controllers\Threads.php(20): App\Models\ThreadsModel->latestReply('1')
#8 D:\XAMPP\htdocs\412019007_Ferdinan_Kurnianto\ci-framework-4.1.1\system\CodeIgniter.php(832): App\Controllers\Threads->getThreads('1')
#9 D:\XAMPP\htdocs\412019007_Ferdinan_Kurnianto\ci-framework-4.1.1\system\CodeIgniter.php(419): CodeIgniter\CodeIgniter->runController(Object(App\Controllers\Threads))
#10 D:\XAMPP\htdocs\412019007_Ferdinan_Kurnianto\ci-framework-4.1.1\system\CodeIgniter.php(326): CodeIgniter\CodeIgniter->handleRequest(NULL, Object(Config\Cache), false)
#11 D:\XAMPP\htdocs\412019007_Ferdinan_Kurnianto\ci-framework-4.1.1\public\index.php(37): CodeIgniter\CodeIgniter->run()
#12 {main}
ERROR - 2023-12-14 18:42:21 --> Unknown column 'forums.id' in 'where clause'
CRITICAL - 2023-12-14 18:42:21 --> Unknown column 'forums.id' in 'where clause'
#0 D:\XAMPP\htdocs\412019007_Ferdinan_Kurnianto\ci-framework-4.1.1\system\Database\MySQLi\Connection.php(292): mysqli->query('SELECT `u`.`use...', 0)
#1 D:\XAMPP\htdocs\412019007_Ferdinan_Kurnianto\ci-framework-4.1.1\system\Database\BaseConnection.php(670): CodeIgniter\Database\MySQLi\Connection->execute('SELECT `u`.`use...')
#2 D:\XAMPP\htdocs\412019007_Ferdinan_Kurnianto\ci-framework-4.1.1\system\Database\BaseConnection.php(598): CodeIgniter\Database\BaseConnection->simpleQuery('SELECT `u`.`use...')
#3 D:\XAMPP\htdocs\412019007_Ferdinan_Kurnianto\ci-framework-4.1.1\system\Database\BaseBuilder.php(1455): CodeIgniter\Database\BaseConnection->query('SELECT `u`.`use...', Array, false)
#4 D:\XAMPP\htdocs\412019007_Ferdinan_Kurnianto\ci-framework-4.1.1\system\Model.php(183): CodeIgniter\Database\BaseBuilder->get()
#5 D:\XAMPP\htdocs\412019007_Ferdinan_Kurnianto\ci-framework-4.1.1\system\BaseModel.php(584): CodeIgniter\Model->doFindAll(0, 0)
#6 D:\XAMPP\htdocs\412019007_Ferdinan_Kurnianto\ci-framework-4.1.1\app\Models\ThreadsModel.php(23): CodeIgniter\BaseModel->findAll()
#7 D:\XAMPP\htdocs\412019007_Ferdinan_Kurnianto\ci-framework-4.1.1\app\Controllers\Threads.php(20): App\Models\ThreadsModel->latestReply('1')
#8 D:\XAMPP\htdocs\412019007_Ferdinan_Kurnianto\ci-framework-4.1.1\system\CodeIgniter.php(832): App\Controllers\Threads->getThreads('1')
#9 D:\XAMPP\htdocs\412019007_Ferdinan_Kurnianto\ci-framework-4.1.1\system\CodeIgniter.php(419): CodeIgniter\CodeIgniter->runController(Object(App\Controllers\Threads))
#10 D:\XAMPP\htdocs\412019007_Ferdinan_Kurnianto\ci-framework-4.1.1\system\CodeIgniter.php(326): CodeIgniter\CodeIgniter->handleRequest(NULL, Object(Config\Cache), false)
#11 D:\XAMPP\htdocs\412019007_Ferdinan_Kurnianto\ci-framework-4.1.1\public\index.php(37): CodeIgniter\CodeIgniter->run()
#12 {main}
CRITICAL - 2023-12-14 20:52:13 --> Array to string conversion
#0 D:\XAMPP\htdocs\412019007_Ferdinan_Kurnianto\ci-framework-4.1.1\app\Views\forget_view.php(12): CodeIgniter\Debug\Exceptions->errorHandler(2, 'Array to string...', 'D:\\XAMPP\\htdocs...', 12)
#1 D:\XAMPP\htdocs\412019007_Ferdinan_Kurnianto\ci-framework-4.1.1\system\View\View.php(210): include('D:\\XAMPP\\htdocs...')
#2 D:\XAMPP\htdocs\412019007_Ferdinan_Kurnianto\ci-framework-4.1.1\system\View\View.php(213): CodeIgniter\View\View->CodeIgniter\View\{closure}()
#3 D:\XAMPP\htdocs\412019007_Ferdinan_Kurnianto\ci-framework-4.1.1\system\Common.php(1089): CodeIgniter\View\View->render('forget_view', Array, true)
#4 D:\XAMPP\htdocs\412019007_Ferdinan_Kurnianto\ci-framework-4.1.1\app\Controllers\Users.php(140): view('forget_view')
#5 D:\XAMPP\htdocs\412019007_Ferdinan_Kurnianto\ci-framework-4.1.1\system\CodeIgniter.php(832): App\Controllers\Users->forget()
#6 D:\XAMPP\htdocs\412019007_Ferdinan_Kurnianto\ci-framework-4.1.1\system\CodeIgniter.php(419): CodeIgniter\CodeIgniter->runController(Object(App\Controllers\Users))
#7 D:\XAMPP\htdocs\412019007_Ferdinan_Kurnianto\ci-framework-4.1.1\system\CodeIgniter.php(326): CodeIgniter\CodeIgniter->handleRequest(NULL, Object(Config\Cache), false)
#8 D:\XAMPP\htdocs\412019007_Ferdinan_Kurnianto\ci-framework-4.1.1\public\index.php(37): CodeIgniter\CodeIgniter->run()
#9 {main}
CRITICAL - 2023-12-14 20:52:35 --> Array to string conversion
#0 D:\XAMPP\htdocs\412019007_Ferdinan_Kurnianto\ci-framework-4.1.1\app\Views\forget_view.php(12): CodeIgniter\Debug\Exceptions->errorHandler(2, 'Array to string...', 'D:\\XAMPP\\htdocs...', 12)
#1 D:\XAMPP\htdocs\412019007_Ferdinan_Kurnianto\ci-framework-4.1.1\system\View\View.php(210): include('D:\\XAMPP\\htdocs...')
#2 D:\XAMPP\htdocs\412019007_Ferdinan_Kurnianto\ci-framework-4.1.1\system\View\View.php(213): CodeIgniter\View\View->CodeIgniter\View\{closure}()
#3 D:\XAMPP\htdocs\412019007_Ferdinan_Kurnianto\ci-framework-4.1.1\system\Common.php(1089): CodeIgniter\View\View->render('forget_view', Array, true)
#4 D:\XAMPP\htdocs\412019007_Ferdinan_Kurnianto\ci-framework-4.1.1\app\Controllers\Users.php(140): view('forget_view')
#5 D:\XAMPP\htdocs\412019007_Ferdinan_Kurnianto\ci-framework-4.1.1\system\CodeIgniter.php(832): App\Controllers\Users->forget()
#6 D:\XAMPP\htdocs\412019007_Ferdinan_Kurnianto\ci-framework-4.1.1\system\CodeIgniter.php(419): CodeIgniter\CodeIgniter->runController(Object(App\Controllers\Users))
#7 D:\XAMPP\htdocs\412019007_Ferdinan_Kurnianto\ci-framework-4.1.1\system\CodeIgniter.php(326): CodeIgniter\CodeIgniter->handleRequest(NULL, Object(Config\Cache), false)
#8 D:\XAMPP\htdocs\412019007_Ferdinan_Kurnianto\ci-framework-4.1.1\public\index.php(37): CodeIgniter\CodeIgniter->run()
#9 {main}
