CRITICAL - 2022-04-14 08:48:24 --> The framework needs the following extension(s) installed and loaded: intl.
#0 D:\XAMPP\htdocs\webprog3\lab6\ci-framework-4.1.1\system\CodeIgniter.php(219): CodeIgniter\Exceptions\FrameworkException::forMissingExtension('intl')
#1 D:\XAMPP\htdocs\webprog3\lab6\ci-framework-4.1.1\system\CodeIgniter.php(177): CodeIgniter\CodeIgniter->resolvePlatformExtensions()
#2 D:\XAMPP\htdocs\webprog3\lab6\ci-framework-4.1.1\system\bootstrap.php(146): CodeIgniter\CodeIgniter->initialize()
#3 D:\XAMPP\htdocs\webprog3\lab6\ci-framework-4.1.1\public\index.php(28): require('D:\\XAMPP\\htdocs...')
#4 {main}
CRITICAL - 2022-04-14 08:48:27 --> The framework needs the following extension(s) installed and loaded: intl.
#0 D:\XAMPP\htdocs\webprog3\lab6\ci-framework-4.1.1\system\CodeIgniter.php(219): CodeIgniter\Exceptions\FrameworkException::forMissingExtension('intl')
#1 D:\XAMPP\htdocs\webprog3\lab6\ci-framework-4.1.1\system\CodeIgniter.php(177): CodeIgniter\CodeIgniter->resolvePlatformExtensions()
#2 D:\XAMPP\htdocs\webprog3\lab6\ci-framework-4.1.1\system\bootstrap.php(146): CodeIgniter\CodeIgniter->initialize()
#3 D:\XAMPP\htdocs\webprog3\lab6\ci-framework-4.1.1\public\index.php(28): require('D:\\XAMPP\\htdocs...')
#4 {main}
CRITICAL - 2022-04-14 08:48:27 --> The framework needs the following extension(s) installed and loaded: intl.
#0 D:\XAMPP\htdocs\webprog3\lab6\ci-framework-4.1.1\system\CodeIgniter.php(219): CodeIgniter\Exceptions\FrameworkException::forMissingExtension('intl')
#1 D:\XAMPP\htdocs\webprog3\lab6\ci-framework-4.1.1\system\CodeIgniter.php(177): CodeIgniter\CodeIgniter->resolvePlatformExtensions()
#2 D:\XAMPP\htdocs\webprog3\lab6\ci-framework-4.1.1\system\bootstrap.php(146): CodeIgniter\CodeIgniter->initialize()
#3 D:\XAMPP\htdocs\webprog3\lab6\ci-framework-4.1.1\public\index.php(28): require('D:\\XAMPP\\htdocs...')
#4 {main}
CRITICAL - 2022-04-14 08:48:33 --> The framework needs the following extension(s) installed and loaded: intl.
#0 D:\XAMPP\htdocs\webprog3\lab6\ci-framework-4.1.1\system\CodeIgniter.php(219): CodeIgniter\Exceptions\FrameworkException::forMissingExtension('intl')
#1 D:\XAMPP\htdocs\webprog3\lab6\ci-framework-4.1.1\system\CodeIgniter.php(177): CodeIgniter\CodeIgniter->resolvePlatformExtensions()
#2 D:\XAMPP\htdocs\webprog3\lab6\ci-framework-4.1.1\system\bootstrap.php(146): CodeIgniter\CodeIgniter->initialize()
#3 D:\XAMPP\htdocs\webprog3\lab6\ci-framework-4.1.1\public\index.php(28): require('D:\\XAMPP\\htdocs...')
#4 {main}
CRITICAL - 2022-04-14 08:52:29 --> The framework needs the following extension(s) installed and loaded: intl.
#0 D:\XAMPP\htdocs\webprog3\lab6\ci-framework-4.1.1\system\CodeIgniter.php(219): CodeIgniter\Exceptions\FrameworkException::forMissingExtension('intl')
#1 D:\XAMPP\htdocs\webprog3\lab6\ci-framework-4.1.1\system\CodeIgniter.php(177): CodeIgniter\CodeIgniter->resolvePlatformExtensions()
#2 D:\XAMPP\htdocs\webprog3\lab6\ci-framework-4.1.1\system\bootstrap.php(146): CodeIgniter\CodeIgniter->initialize()
#3 D:\XAMPP\htdocs\webprog3\lab6\ci-framework-4.1.1\public\index.php(28): require('D:\\XAMPP\\htdocs...')
#4 {main}
CRITICAL - 2022-04-14 08:54:37 --> The framework needs the following extension(s) installed and loaded: intl.
#0 D:\XAMPP\htdocs\webprog3\lab6\ci-framework-4.1.1\system\CodeIgniter.php(219): CodeIgniter\Exceptions\FrameworkException::forMissingExtension('intl')
#1 D:\XAMPP\htdocs\webprog3\lab6\ci-framework-4.1.1\system\CodeIgniter.php(177): CodeIgniter\CodeIgniter->resolvePlatformExtensions()
#2 D:\XAMPP\htdocs\webprog3\lab6\ci-framework-4.1.1\system\bootstrap.php(146): CodeIgniter\CodeIgniter->initialize()
#3 D:\XAMPP\htdocs\webprog3\lab6\ci-framework-4.1.1\public\index.php(28): require('D:\\XAMPP\\htdocs...')
#4 {main}
CRITICAL - 2022-04-14 08:56:12 --> The framework needs the following extension(s) installed and loaded: intl.
#0 D:\XAMPP\htdocs\webprog3\lab6\ci-framework-4.1.1\system\CodeIgniter.php(219): CodeIgniter\Exceptions\FrameworkException::forMissingExtension('intl')
#1 D:\XAMPP\htdocs\webprog3\lab6\ci-framework-4.1.1\system\CodeIgniter.php(177): CodeIgniter\CodeIgniter->resolvePlatformExtensions()
#2 D:\XAMPP\htdocs\webprog3\lab6\ci-framework-4.1.1\system\bootstrap.php(146): CodeIgniter\CodeIgniter->initialize()
#3 D:\XAMPP\htdocs\webprog3\lab6\ci-framework-4.1.1\public\index.php(28): require('D:\\XAMPP\\htdocs...')
#4 {main}
CRITICAL - 2022-04-14 08:56:30 --> The framework needs the following extension(s) installed and loaded: intl.
#0 D:\XAMPP\htdocs\webprog3\lab6\ci-framework-4.1.1\system\CodeIgniter.php(219): CodeIgniter\Exceptions\FrameworkException::forMissingExtension('intl')
#1 D:\XAMPP\htdocs\webprog3\lab6\ci-framework-4.1.1\system\CodeIgniter.php(177): CodeIgniter\CodeIgniter->resolvePlatformExtensions()
#2 D:\XAMPP\htdocs\webprog3\lab6\ci-framework-4.1.1\system\bootstrap.php(146): CodeIgniter\CodeIgniter->initialize()
#3 D:\XAMPP\htdocs\webprog3\lab6\ci-framework-4.1.1\public\index.php(28): require('D:\\XAMPP\\htdocs...')
#4 {main}
CRITICAL - 2022-04-14 08:56:37 --> The framework needs the following extension(s) installed and loaded: intl.
#0 D:\XAMPP\htdocs\webprog3\lab6\ci-framework-4.1.1\system\CodeIgniter.php(219): CodeIgniter\Exceptions\FrameworkException::forMissingExtension('intl')
#1 D:\XAMPP\htdocs\webprog3\lab6\ci-framework-4.1.1\system\CodeIgniter.php(177): CodeIgniter\CodeIgniter->resolvePlatformExtensions()
#2 D:\XAMPP\htdocs\webprog3\lab6\ci-framework-4.1.1\system\bootstrap.php(146): CodeIgniter\CodeIgniter->initialize()
#3 D:\XAMPP\htdocs\webprog3\lab6\ci-framework-4.1.1\public\index.php(28): require('D:\\XAMPP\\htdocs...')
#4 {main}
CRITICAL - 2022-04-14 05:54:33 --> Namespace declaration statement has to be the very first statement or after any declare call in the script
#0 [internal function]: CodeIgniter\Debug\Exceptions->shutdownHandler()
#1 {main}
CRITICAL - 2022-04-14 05:55:13 --> Namespace declaration statement has to be the very first statement or after any declare call in the script
#0 [internal function]: CodeIgniter\Debug\Exceptions->shutdownHandler()
#1 {main}
CRITICAL - 2022-04-14 06:00:26 --> Trying to get property 'id' of non-object
#0 D:\XAMPP\htdocs\webprog3\lab6\ci-framework-4.1.1\app\Views\decks_view.php(30): CodeIgniter\Debug\Exceptions->errorHandler(8, 'Trying to get p...', 'D:\\XAMPP\\htdocs...', 30, Array)
#1 D:\XAMPP\htdocs\webprog3\lab6\ci-framework-4.1.1\system\View\View.php(210): include('D:\\XAMPP\\htdocs...')
#2 D:\XAMPP\htdocs\webprog3\lab6\ci-framework-4.1.1\system\View\View.php(213): CodeIgniter\View\View->CodeIgniter\View\{closure}()
#3 D:\XAMPP\htdocs\webprog3\lab6\ci-framework-4.1.1\system\Common.php(1089): CodeIgniter\View\View->render('decks_view', Array, true)
#4 D:\XAMPP\htdocs\webprog3\lab6\ci-framework-4.1.1\app\Controllers\decks.php(9): view('decks_view', Array)
#5 D:\XAMPP\htdocs\webprog3\lab6\ci-framework-4.1.1\system\CodeIgniter.php(832): App\Controllers\Decks->index()
#6 D:\XAMPP\htdocs\webprog3\lab6\ci-framework-4.1.1\system\CodeIgniter.php(419): CodeIgniter\CodeIgniter->runController(Object(App\Controllers\Decks))
#7 D:\XAMPP\htdocs\webprog3\lab6\ci-framework-4.1.1\system\CodeIgniter.php(326): CodeIgniter\CodeIgniter->handleRequest(NULL, Object(Config\Cache), false)
#8 D:\XAMPP\htdocs\webprog3\lab6\ci-framework-4.1.1\public\index.php(37): CodeIgniter\CodeIgniter->run()
#9 {main}
CRITICAL - 2022-04-14 06:02:12 --> Trying to get property 'id' of non-object
#0 D:\XAMPP\htdocs\webprog3\lab6\ci-framework-4.1.1\app\Views\decks_view.php(31): CodeIgniter\Debug\Exceptions->errorHandler(8, 'Trying to get p...', 'D:\\XAMPP\\htdocs...', 31, Array)
#1 D:\XAMPP\htdocs\webprog3\lab6\ci-framework-4.1.1\system\View\View.php(210): include('D:\\XAMPP\\htdocs...')
#2 D:\XAMPP\htdocs\webprog3\lab6\ci-framework-4.1.1\system\View\View.php(213): CodeIgniter\View\View->CodeIgniter\View\{closure}()
#3 D:\XAMPP\htdocs\webprog3\lab6\ci-framework-4.1.1\system\Common.php(1089): CodeIgniter\View\View->render('decks_view', Array, true)
#4 D:\XAMPP\htdocs\webprog3\lab6\ci-framework-4.1.1\app\Controllers\decks.php(9): view('decks_view', Array)
#5 D:\XAMPP\htdocs\webprog3\lab6\ci-framework-4.1.1\system\CodeIgniter.php(832): App\Controllers\Decks->index()
#6 D:\XAMPP\htdocs\webprog3\lab6\ci-framework-4.1.1\system\CodeIgniter.php(419): CodeIgniter\CodeIgniter->runController(Object(App\Controllers\Decks))
#7 D:\XAMPP\htdocs\webprog3\lab6\ci-framework-4.1.1\system\CodeIgniter.php(326): CodeIgniter\CodeIgniter->handleRequest(NULL, Object(Config\Cache), false)
#8 D:\XAMPP\htdocs\webprog3\lab6\ci-framework-4.1.1\public\index.php(37): CodeIgniter\CodeIgniter->run()
#9 {main}
CRITICAL - 2022-04-14 06:02:52 --> Trying to get property 'id' of non-object
#0 D:\XAMPP\htdocs\webprog3\lab6\ci-framework-4.1.1\app\Views\decks_view.php(30): CodeIgniter\Debug\Exceptions->errorHandler(8, 'Trying to get p...', 'D:\\XAMPP\\htdocs...', 30, Array)
#1 D:\XAMPP\htdocs\webprog3\lab6\ci-framework-4.1.1\system\View\View.php(210): include('D:\\XAMPP\\htdocs...')
#2 D:\XAMPP\htdocs\webprog3\lab6\ci-framework-4.1.1\system\View\View.php(213): CodeIgniter\View\View->CodeIgniter\View\{closure}()
#3 D:\XAMPP\htdocs\webprog3\lab6\ci-framework-4.1.1\system\Common.php(1089): CodeIgniter\View\View->render('decks_view', Array, true)
#4 D:\XAMPP\htdocs\webprog3\lab6\ci-framework-4.1.1\app\Controllers\decks.php(9): view('decks_view', Array)
#5 D:\XAMPP\htdocs\webprog3\lab6\ci-framework-4.1.1\system\CodeIgniter.php(832): App\Controllers\Decks->index()
#6 D:\XAMPP\htdocs\webprog3\lab6\ci-framework-4.1.1\system\CodeIgniter.php(419): CodeIgniter\CodeIgniter->runController(Object(App\Controllers\Decks))
#7 D:\XAMPP\htdocs\webprog3\lab6\ci-framework-4.1.1\system\CodeIgniter.php(326): CodeIgniter\CodeIgniter->handleRequest(NULL, Object(Config\Cache), false)
#8 D:\XAMPP\htdocs\webprog3\lab6\ci-framework-4.1.1\public\index.php(37): CodeIgniter\CodeIgniter->run()
#9 {main}
CRITICAL - 2022-04-14 06:03:45 --> Trying to get property 'id' of non-object
#0 D:\XAMPP\htdocs\webprog3\lab6\ci-framework-4.1.1\app\Views\decks_view.php(30): CodeIgniter\Debug\Exceptions->errorHandler(8, 'Trying to get p...', 'D:\\XAMPP\\htdocs...', 30, Array)
#1 D:\XAMPP\htdocs\webprog3\lab6\ci-framework-4.1.1\system\View\View.php(210): include('D:\\XAMPP\\htdocs...')
#2 D:\XAMPP\htdocs\webprog3\lab6\ci-framework-4.1.1\system\View\View.php(213): CodeIgniter\View\View->CodeIgniter\View\{closure}()
#3 D:\XAMPP\htdocs\webprog3\lab6\ci-framework-4.1.1\system\Common.php(1089): CodeIgniter\View\View->render('decks_view', Array, true)
#4 D:\XAMPP\htdocs\webprog3\lab6\ci-framework-4.1.1\app\Controllers\decks.php(9): view('decks_view', Array)
#5 D:\XAMPP\htdocs\webprog3\lab6\ci-framework-4.1.1\system\CodeIgniter.php(832): App\Controllers\Decks->index()
#6 D:\XAMPP\htdocs\webprog3\lab6\ci-framework-4.1.1\system\CodeIgniter.php(419): CodeIgniter\CodeIgniter->runController(Object(App\Controllers\Decks))
#7 D:\XAMPP\htdocs\webprog3\lab6\ci-framework-4.1.1\system\CodeIgniter.php(326): CodeIgniter\CodeIgniter->handleRequest(NULL, Object(Config\Cache), false)
#8 D:\XAMPP\htdocs\webprog3\lab6\ci-framework-4.1.1\public\index.php(37): CodeIgniter\CodeIgniter->run()
#9 {main}
CRITICAL - 2022-04-14 06:05:39 --> Trying to get property 'id' of non-object
#0 D:\XAMPP\htdocs\webprog3\lab6\ci-framework-4.1.1\app\Views\decks_view.php(30): CodeIgniter\Debug\Exceptions->errorHandler(8, 'Trying to get p...', 'D:\\XAMPP\\htdocs...', 30, Array)
#1 D:\XAMPP\htdocs\webprog3\lab6\ci-framework-4.1.1\system\View\View.php(210): include('D:\\XAMPP\\htdocs...')
#2 D:\XAMPP\htdocs\webprog3\lab6\ci-framework-4.1.1\system\View\View.php(213): CodeIgniter\View\View->CodeIgniter\View\{closure}()
#3 D:\XAMPP\htdocs\webprog3\lab6\ci-framework-4.1.1\system\Common.php(1089): CodeIgniter\View\View->render('decks_view', Array, true)
#4 D:\XAMPP\htdocs\webprog3\lab6\ci-framework-4.1.1\app\Controllers\decks.php(9): view('decks_view', Array)
#5 D:\XAMPP\htdocs\webprog3\lab6\ci-framework-4.1.1\system\CodeIgniter.php(832): App\Controllers\Decks->index()
#6 D:\XAMPP\htdocs\webprog3\lab6\ci-framework-4.1.1\system\CodeIgniter.php(419): CodeIgniter\CodeIgniter->runController(Object(App\Controllers\Decks))
#7 D:\XAMPP\htdocs\webprog3\lab6\ci-framework-4.1.1\system\CodeIgniter.php(326): CodeIgniter\CodeIgniter->handleRequest(NULL, Object(Config\Cache), false)
#8 D:\XAMPP\htdocs\webprog3\lab6\ci-framework-4.1.1\public\index.php(37): CodeIgniter\CodeIgniter->run()
#9 {main}
CRITICAL - 2022-04-14 06:15:09 --> Trying to get property 'id' of non-object
#0 D:\XAMPP\htdocs\webprog3\lab6\ci-framework-4.1.1\app\Views\decks_view.php(30): CodeIgniter\Debug\Exceptions->errorHandler(8, 'Trying to get p...', 'D:\\XAMPP\\htdocs...', 30, Array)
#1 D:\XAMPP\htdocs\webprog3\lab6\ci-framework-4.1.1\system\View\View.php(210): include('D:\\XAMPP\\htdocs...')
#2 D:\XAMPP\htdocs\webprog3\lab6\ci-framework-4.1.1\system\View\View.php(213): CodeIgniter\View\View->CodeIgniter\View\{closure}()
#3 D:\XAMPP\htdocs\webprog3\lab6\ci-framework-4.1.1\system\Common.php(1089): CodeIgniter\View\View->render('decks_view', Array, true)
#4 D:\XAMPP\htdocs\webprog3\lab6\ci-framework-4.1.1\app\Controllers\decks.php(9): view('decks_view', Array)
#5 D:\XAMPP\htdocs\webprog3\lab6\ci-framework-4.1.1\system\CodeIgniter.php(832): App\Controllers\Decks->index()
#6 D:\XAMPP\htdocs\webprog3\lab6\ci-framework-4.1.1\system\CodeIgniter.php(419): CodeIgniter\CodeIgniter->runController(Object(App\Controllers\Decks))
#7 D:\XAMPP\htdocs\webprog3\lab6\ci-framework-4.1.1\system\CodeIgniter.php(326): CodeIgniter\CodeIgniter->handleRequest(NULL, Object(Config\Cache), false)
#8 D:\XAMPP\htdocs\webprog3\lab6\ci-framework-4.1.1\public\index.php(37): CodeIgniter\CodeIgniter->run()
#9 {main}
